SF:/home/dkasymov/git/ExoFrame/scripts/build_agents_index.ts
FN:11,extractFrontmatter
FN:16,chunkText
FN:33,generateManifestObject
FN:66,buildIndex
FNDA:1,extractFrontmatter
FNDA:3,chunkText
FNDA:0,generateManifestObject
FNDA:0,buildIndex
FNF:4
FNH:2
BRDA:72,0,0,0
BRDA:13,1,0,0
BRDA:21,2,0,8
BRDA:22,2,1,4
BRDA:23,2,2,3
BRDA:25,2,3,4
BRDA:26,2,4,2
BRDA:26,2,5,2
BRF:8
BRH:6
DA:4,1
DA:5,1
DA:7,1
DA:8,1
DA:9,1
DA:11,2
DA:12,2
DA:13,0
DA:14,2
DA:16,4
DA:18,4
DA:19,4
DA:20,4
DA:21,4
DA:22,12
DA:23,16
DA:24,16
DA:25,12
DA:26,16
DA:27,16
DA:28,12
DA:29,4
DA:30,4
DA:31,4
DA:33,0
DA:34,0
DA:35,0
DA:36,0
DA:37,0
DA:38,0
DA:39,0
DA:40,0
DA:41,0
DA:42,0
DA:43,0
DA:44,0
DA:45,0
DA:46,0
DA:47,0
DA:48,0
DA:49,0
DA:51,0
DA:52,0
DA:53,0
DA:54,0
DA:55,0
DA:56,0
DA:57,0
DA:58,0
DA:59,0
DA:60,0
DA:61,0
DA:63,0
DA:64,0
DA:66,0
DA:67,0
DA:68,0
DA:69,0
DA:70,0
DA:72,0
DA:74,1
LH:24
LF:61
end_of_record
